# JRE version: Java(TM) SE Runtime Environment (8.0_25-b18) (build 1.8.0_25-b18)
# Java VM: Java HotSpot(TM) 64-Bit Server VM (25.25-b02 mixed mode windows-amd64 compressed oops)
Heap:
 PSYoungGen      total 250880K, used 155517K [0x00000000eab00000, 0x00000000fe580000, 0x0000000100000000)
  eden space 187904K, 70% used [0x00000000eab00000,0x00000000f2d2cfa0,0x00000000f6280000)
  from space 62976K, 35% used [0x00000000f9c00000,0x00000000fb1b25e8,0x00000000fd980000)
  to   space 58880K, 0% used [0x00000000f6280000,0x00000000f6280000,0x00000000f9c00000)
 ParOldGen       total 202240K, used 122403K [0x00000000c0000000, 0x00000000cc580000, 0x00000000eab00000)
  object space 202240K, 60% used [0x00000000c0000000,0x00000000c7788d58,0x00000000cc580000)
 Metaspace       used 144200K, capacity 150096K, committed 154496K, reserved 1177600K
  class space    used 19700K, capacity 21726K, committed 25984K, reserved 1048576K
GC Heap History (10 events):
Event: 21132.382 GC heap before
{Heap before GC invocations=111 (full 26):
 PSYoungGen      total 233984K, used 173208K [0x00000000eab00000, 0x00000000fd280000, 0x0000000100000000)
  eden space 165376K, 100% used [0x00000000eab00000,0x00000000f4c80000,0x00000000f4c80000)
  from space 68608K, 11% used [0x00000000f8f80000,0x00000000f9726140,0x00000000fd280000)
  to   space 68608K, 0% used [0x00000000f4c80000,0x00000000f4c80000,0x00000000f8f80000)
 ParOldGen       total 202240K, used 93779K [0x00000000c0000000, 0x00000000cc580000, 0x00000000eab00000)
  object space 202240K, 46% used [0x00000000c0000000,0x00000000c5b94d80,0x00000000cc580000)
 Metaspace       used 125912K, capacity 130626K, committed 139008K, reserved 1163264K
  class space    used 16985K, capacity 18617K, committed 25856K, reserved 1048576K
Event: 21132.395 GC heap after
Heap after GC invocations=111 (full 26):
 PSYoungGen      total 233984K, used 9892K [0x00000000eab00000, 0x00000000fde80000, 0x0000000100000000)
  eden space 165376K, 0% used [0x00000000eab00000,0x00000000eab00000,0x00000000f4c80000)
  from space 68608K, 14% used [0x00000000f4c80000,0x00000000f5629130,0x00000000f8f80000)
  to   space 66048K, 0% used [0x00000000f9e00000,0x00000000f9e00000,0x00000000fde80000)
 ParOldGen       total 202240K, used 93787K [0x00000000c0000000, 0x00000000cc580000, 0x00000000eab00000)
  object space 202240K, 46% used [0x00000000c0000000,0x00000000c5b96d80,0x00000000cc580000)
 Metaspace       used 125912K, capacity 130626K, committed 139008K, reserved 1163264K
  class space    used 16985K, capacity 18617K, committed 25856K, reserved 1048576K
}
Event: 21134.992 GC heap before
{Heap before GC invocations=112 (full 26):
 PSYoungGen      total 233984K, used 175268K [0x00000000eab00000, 0x00000000fde80000, 0x0000000100000000)
  eden space 165376K, 100% used [0x00000000eab00000,0x00000000f4c80000,0x00000000f4c80000)
  from space 68608K, 14% used [0x00000000f4c80000,0x00000000f5629130,0x00000000f8f80000)
  to   space 66048K, 0% used [0x00000000f9e00000,0x00000000f9e00000,0x00000000fde80000)
 ParOldGen       total 202240K, used 93787K [0x00000000c0000000, 0x00000000cc580000, 0x00000000eab00000)
  object space 202240K, 46% used [0x00000000c0000000,0x00000000c5b96d80,0x00000000cc580000)
 Metaspace       used 132204K, capacity 137322K, committed 144384K, reserved 1167360K
  class space    used 17889K, capacity 19680K, committed 25856K, reserved 1048576K
Event: 21135.021 GC heap after
Heap after GC invocations=112 (full 26):
 PSYoungGen      total 243712K, used 24019K [0x00000000eab00000, 0x00000000fd880000, 0x0000000100000000)
  eden space 183808K, 0% used [0x00000000eab00000,0x00000000eab00000,0x00000000f5e80000)
  from space 59904K, 40% used [0x00000000f9e00000,0x00000000fb574c30,0x00000000fd880000)
  to   space 62464K, 0% used [0x00000000f5e80000,0x00000000f5e80000,0x00000000f9b80000)
 ParOldGen       total 202240K, used 93795K [0x00000000c0000000, 0x00000000cc580000, 0x00000000eab00000)
  object space 202240K, 46% used [0x00000000c0000000,0x00000000c5b98d80,0x00000000cc580000)
 Metaspace       used 132204K, capacity 137322K, committed 144384K, reserved 1167360K
  class space    used 17889K, capacity 19680K, committed 25856K, reserved 1048576K
}
Event: 21137.965 GC heap before
{Heap before GC invocations=113 (full 26):
 PSYoungGen      total 243712K, used 182245K [0x00000000eab00000, 0x00000000fd880000, 0x0000000100000000)
  eden space 183808K, 86% used [0x00000000eab00000,0x00000000f45848a8,0x00000000f5e80000)
  from space 59904K, 40% used [0x00000000f9e00000,0x00000000fb574c30,0x00000000fd880000)
  to   space 62464K, 0% used [0x00000000f5e80000,0x00000000f5e80000,0x00000000f9b80000)
 ParOldGen       total 202240K, used 93795K [0x00000000c0000000, 0x00000000cc580000, 0x00000000eab00000)
  object space 202240K, 46% used [0x00000000c0000000,0x00000000c5b98d80,0x00000000cc580000)
 Metaspace       used 135540K, capacity 141206K, committed 147328K, reserved 1171456K
  class space    used 18445K, capacity 20377K, committed 25984K, reserved 1048576K
Event: 21138.047 GC heap after
Heap after GC invocations=113 (full 26):
 PSYoungGen      total 246272K, used 33728K [0x00000000eab00000, 0x00000000fd980000, 0x0000000100000000)
  eden space 183808K, 0% used [0x00000000eab00000,0x00000000eab00000,0x00000000f5e80000)
  from space 62464K, 53% used [0x00000000f5e80000,0x00000000f7f702f0,0x00000000f9b80000)
  to   space 62976K, 0% used [0x00000000f9c00000,0x00000000f9c00000,0x00000000fd980000)
 ParOldGen       total 202240K, used 93803K [0x00000000c0000000, 0x00000000cc580000, 0x00000000eab00000)
  object space 202240K, 46% used [0x00000000c0000000,0x00000000c5b9ad80,0x00000000cc580000)
 Metaspace       used 135540K, capacity 141206K, committed 147328K, reserved 1171456K
  class space    used 18445K, capacity 20377K, committed 25984K, reserved 1048576K
}
Event: 21138.047 GC heap before
{Heap before GC invocations=114 (full 27):
 PSYoungGen      total 246272K, used 33728K [0x00000000eab00000, 0x00000000fd980000, 0x0000000100000000)
  eden space 183808K, 0% used [0x00000000eab00000,0x00000000eab00000,0x00000000f5e80000)
  from space 62464K, 53% used [0x00000000f5e80000,0x00000000f7f702f0,0x00000000f9b80000)
  to   space 62976K, 0% used [0x00000000f9c00000,0x00000000f9c00000,0x00000000fd980000)
 ParOldGen       total 202240K, used 93803K [0x00000000c0000000, 0x00000000cc580000, 0x00000000eab00000)
  object space 202240K, 46% used [0x00000000c0000000,0x00000000c5b9ad80,0x00000000cc580000)
 Metaspace       used 135540K, capacity 141206K, committed 147328K, reserved 1171456K
  class space    used 18445K, capacity 20377K, committed 25984K, reserved 1048576K
Event: 21139.259 GC heap after
Heap after GC invocations=114 (full 27):
 PSYoungGen      total 246272K, used 0K [0x00000000eab00000, 0x00000000fd980000, 0x0000000100000000)
  eden space 183808K, 0% used [0x00000000eab00000,0x00000000eab00000,0x00000000f5e80000)
  from space 62464K, 0% used [0x00000000f5e80000,0x00000000f5e80000,0x00000000f9b80000)
  to   space 62976K, 0% used [0x00000000f9c00000,0x00000000f9c00000,0x00000000fd980000)
 ParOldGen       total 202240K, used 122395K [0x00000000c0000000, 0x00000000cc580000, 0x00000000eab00000)
  object space 202240K, 60% used [0x00000000c0000000,0x00000000c7786d58,0x00000000cc580000)
 Metaspace       used 135397K, capacity 140704K, committed 147328K, reserved 1171456K
  class space    used 18413K, capacity 20207K, committed 25984K, reserved 1048576K
}
Event: 21163.483 GC heap before
{Heap before GC invocations=115 (full 27):
 PSYoungGen      total 246272K, used 183808K [0x00000000eab00000, 0x00000000fd980000, 0x0000000100000000)
  eden space 183808K, 100% used [0x00000000eab00000,0x00000000f5e80000,0x00000000f5e80000)
  from space 62464K, 0% used [0x00000000f5e80000,0x00000000f5e80000,0x00000000f9b80000)
  to   space 62976K, 0% used [0x00000000f9c00000,0x00000000f9c00000,0x00000000fd980000)
 ParOldGen       total 202240K, used 122395K [0x00000000c0000000, 0x00000000cc580000, 0x00000000eab00000)
  object space 202240K, 60% used [0x00000000c0000000,0x00000000c7786d58,0x00000000cc580000)
 Metaspace       used 142257K, capacity 148048K, committed 152960K, reserved 1175552K
  class space    used 19413K, capacity 21414K, committed 25984K, reserved 1048576K
Event: 21163.680 GC heap after
Heap after GC invocations=115 (full 27):
 PSYoungGen      total 250880K, used 22217K [0x00000000eab00000, 0x00000000fe580000, 0x0000000100000000)
  eden space 187904K, 0% used [0x00000000eab00000,0x00000000eab00000,0x00000000f6280000)
  from space 62976K, 35% used [0x00000000f9c00000,0x00000000fb1b25e8,0x00000000fd980000)
  to   space 58880K, 0% used [0x00000000f6280000,0x00000000f6280000,0x00000000f9c00000)
 ParOldGen       total 202240K, used 122403K [0x00000000c0000000, 0x00000000cc580000, 0x00000000eab00000)
  object space 202240K, 60% used [0x00000000c0000000,0x00000000c7788d58,0x00000000cc580000)
 Metaspace       used 142257K, capacity 148048K, committed 152960K, reserved 1175552K
  class space    used 19413K, capacity 21414K, committed 25984K, reserved 1048576K
}

